app/build/outputs/logs/manifest-merger-debug-report.txt
-- Merging decision tree log ---
manifest
ADDED from src\main\AndroidManifest.xml:2:1-370:12
	package
		ADDED from src\main\AndroidManifest.xml:4:5-36
		INJECTED from src\main\AndroidManifest.xml
		INJECTED from src\main\AndroidManifest.xml
	android:versionName
		INJECTED from src\main\AndroidManifest.xml
		INJECTED from src\main\AndroidManifest.xml
	xmlns:tools
		ADDED from src\main\AndroidManifest.xml:3:5-51
	xmlns:android
		ADDED from src\main\AndroidManifest.xml:2:11-69
	android:versionCode
		INJECTED from src\main\AndroidManifest.xml
		INJECTED from src\main\AndroidManifest.xml
uses-permission#android.permission.WRITE_EXTERNAL_STORAGE
ADDED from src\main\AndroidManifest.xml:8:5-81
MERGED from [com.getui:sdk:2.9.0.0] AndroidManifest.xml:19:5-81
	android:name
		ADDED from src\main\AndroidManifest.xml:8:22-78
uses-permission#android.permission.INTERNET
ADDED from src\main\AndroidManifest.xml:9:5-67
MERGED from [com.getui:sdk:2.9.0.0] AndroidManifest.xml:12:5-67
	android:name
		ADDED from src\main\AndroidManifest.xml:9:22-64
uses-permission#android.permission.CHANGE_NETWORK_STATE
ADDED from src\main\AndroidManifest.xml:10:5-79
	android:name
		ADDED from src\main\AndroidManifest.xml:10:22-76
uses-permission#android.permission.CHANGE_WIFI_STATE
ADDED from src\main\AndroidManifest.xml:11:5-76
MERGED from [com.getui:sdk:2.9.0.0] AndroidManifest.xml:15:5-76
	android:name
		ADDED from src\main\AndroidManifest.xml:11:22-73
uses-permission#android.permission.ACCESS_NETWORK_STATE
ADDED from src\main\AndroidManifest.xml:12:5-79
MERGED from [com.getui:sdk:2.9.0.0] AndroidManifest.xml:14:5-79
	android:name
		ADDED from src\main\AndroidManifest.xml:12:22-76
uses-permission#android.permission.ACCESS_WIFI_STATE
ADDED from src\main\AndroidManifest.xml:13:5-76
MERGED from [com.getui:sdk:2.9.0.0] AndroidManifest.xml:16:5-76
	android:name
		ADDED from src\main\AndroidManifest.xml:13:22-73
uses-permission#android.permission.ACCESS_FINE_LOCATION
ADDED from src\main\AndroidManifest.xml:14:5-79
	android:name
		ADDED from src\main\AndroidManifest.xml:14:22-76
uses-permission#android.permission.READ_PHONE_STATE
ADDED from src\main\AndroidManifest.xml:15:5-75
MERGED from [com.getui:sdk:2.9.0.0] AndroidManifest.xml:13:5-75
	android:name
		ADDED from src\main\AndroidManifest.xml:15:22-72
uses-permission#android.permission.READ_LOGS
ADDED from src\main\AndroidManifest.xml:16:5-68
	android:name
		ADDED from src\main\AndroidManifest.xml:16:22-65
uses-permission#android.permission.READ_EXTERNAL_STORAGE
ADDED from src\main\AndroidManifest.xml:17:5-80
	android:name
		ADDED from src\main\AndroidManifest.xml:17:22-77
uses-permission#android.permission.WRITE_SETINGS
ADDED from src\main\AndroidManifest.xml:18:5-72
	android:name
		ADDED from src\main\AndroidManifest.xml:18:22-69
uses-permission#android.permission.GET_TASKS
ADDED from src\main\AndroidManifest.xml:19:5-68
MERGED from [com.getui:sdk:2.9.0.0] AndroidManifest.xml:21:5-68
	android:name
		ADDED from src\main\AndroidManifest.xml:19:22-65
uses-permission#android.permission.RECORD_AUDIO
ADDED from src\main\AndroidManifest.xml:20:5-71
	android:name
		ADDED from src\main\AndroidManifest.xml:20:22-68
uses-permission#android.permission.WAKE_LOCK
ADDED from src\main\AndroidManifest.xml:21:5-68
MERGED from [com.getui:sdk:2.9.0.0] AndroidManifest.xml:17:5-68
	android:name
		ADDED from src\main\AndroidManifest.xml:21:22-65
uses-permission#android.permission.MODIFY_AUDIO_SETTINGS
ADDED from src\main\AndroidManifest.xml:22:5-80
	android:name
		ADDED from src\main\AndroidManifest.xml:22:22-77
uses-permission#android.permission.VIBRATE
ADDED from src\main\AndroidManifest.xml:23:5-66
MERGED from [com.getui:sdk:2.9.0.0] AndroidManifest.xml:20:5-66
	android:name
		ADDED from src\main\AndroidManifest.xml:23:22-63
uses-permission#android.permission.REQUEST_IGNORE_BATTERY_OPTIMIZATIONS
ADDED from src\main\AndroidManifest.xml:24:5-95
	android:name
		ADDED from src\main\AndroidManifest.xml:24:22-92
uses-permission#android.permission.ACCESS_COARSE_LOCATION
ADDED from src\main\AndroidManifest.xml:25:5-81
	android:name
		ADDED from src\main\AndroidManifest.xml:25:22-78
uses-permission#android.permission.CAMERA
ADDED from src\main\AndroidManifest.xml:26:5-65
	android:name
		ADDED from src\main\AndroidManifest.xml:26:22-62
uses-permission#android.permission.WRITE_SETTINGS
ADDED from src\main\AndroidManifest.xml:27:5-73
	android:name
		ADDED from src\main\AndroidManifest.xml:27:22-70
uses-permission#android.permission.BLUETOOTH
ADDED from src\main\AndroidManifest.xml:29:5-67
	android:name
		ADDED from src\main\AndroidManifest.xml:29:22-65
uses-permission#android.permission.BLUETOOTH_ADMIN
ADDED from src\main\AndroidManifest.xml:30:5-73
	android:name
		ADDED from src\main\AndroidManifest.xml:30:22-71
application
ADDED from src\main\AndroidManifest.xml:38:5-368:19
MERGED from [net.qiujuer.genius:ui:2.0.0-beta2] AndroidManifest.xml:11:5-13:38
MERGED from [net.qiujuer.genius:res:2.0.0-beta2] AndroidManifest.xml:11:5-13:38
MERGED from [zhizunwifi:xUtils_lib:unspecified] AndroidManifest.xml:11:5-20
MERGED from [com.getui:sdk:2.9.0.0] AndroidManifest.xml:33:5-113:19
MERGED from [org.litepal.android:core:1.3.2] AndroidManifest.xml:11:5-14:19
MERGED from [net.frakbot:jumpingbeans:1.3.0] AndroidManifest.xml:11:5-20
MERGED from [com.wuxiaolong.pullloadmorerecyclerview:library:1.1.2] AndroidManifest.xml:11:5-47
MERGED from [zhizunwifi:zhizunWIFI_dhroid3:unspecified] AndroidManifest.xml:11:5-20
MERGED from [com.android.support:appcompat-v7:25.0.0] AndroidManifest.xml:25:5-20
MERGED from [com.android.support:support-v4:25.0.0] AndroidManifest.xml:25:5-20
MERGED from [com.android.support:support-fragment:25.0.0] AndroidManifest.xml:25:5-20
MERGED from [com.android.support:support-media-compat:25.0.0] AndroidManifest.xml:25:5-20
MERGED from [com.android.support:support-core-ui:25.0.0] AndroidManifest.xml:25:5-20
MERGED from [com.android.support:animated-vector-drawable:25.0.0] AndroidManifest.xml:22:5-20
MERGED from [com.android.support:support-vector-drawable:25.0.0] AndroidManifest.xml:23:5-20
MERGED from [com.android.support:support-core-utils:25.3.0] AndroidManifest.xml:29:5-20
MERGED from [com.android.support:support-compat:25.3.0] AndroidManifest.xml:29:5-20
	android:label
		ADDED from src\main\AndroidManifest.xml:41:9-41
		REJECTED from [org.litepal.android:core:1.3.2] AndroidManifest.xml:13:9-41
	android:supportsRtl
		ADDED from [net.qiujuer.genius:ui:2.0.0-beta2] AndroidManifest.xml:13:9-35
	android:icon
		ADDED from src\main\AndroidManifest.xml:40:9-37
	android:allowBackup
		ADDED from [net.qiujuer.genius:ui:2.0.0-beta2] AndroidManifest.xml:12:9-35
	android:theme
		ADDED from src\main\AndroidManifest.xml:42:9-44
	tools:replace
		ADDED from src\main\AndroidManifest.xml:43:9-67
	android:name
		ADDED from src\main\AndroidManifest.xml:39:9-61
activity#com.zhizun.zhizunwifi.activity.MainTabActivity
ADDED from src\main\AndroidManifest.xml:45:9-59:20
	android:screenOrientation
		ADDED from src\main\AndroidManifest.xml:48:13-49
	android:launchMode
		ADDED from src\main\AndroidManifest.xml:47:13-44
	android:windowSoftInputMode
		ADDED from src\main\AndroidManifest.xml:49:13-67
	android:theme
		ADDED from src\main\AndroidManifest.xml:50:13-66
	android:name
		ADDED from src\main\AndroidManifest.xml:46:13-74
activity#com.zhizun.zhizunwifi.activity.WebInfoActivity
ADDED from src\main\AndroidManifest.xml:60:9-67:20
	android:screenOrientation
		ADDED from src\main\AndroidManifest.xml:63:13-49
	android:label
		ADDED from src\main\AndroidManifest.xml:62:13-35
	android:windowSoftInputMode
		ADDED from src\main\AndroidManifest.xml:65:13-67
	android:theme
		ADDED from src\main\AndroidManifest.xml:64:13-60
	android:name
		ADDED from src\main\AndroidManifest.xml:61:13-53
activity#com.zhizun.zhizunwifi.activity.NewRegisterActivity
ADDED from src\main\AndroidManifest.xml:68:9-73:20
	android:screenOrientation
		ADDED from src\main\AndroidManifest.xml:71:13-49
	android:label
		ADDED from src\main\AndroidManifest.xml:70:13-34
	android:theme
		ADDED from src\main\AndroidManifest.xml:72:13-66
	android:name
		ADDED from src\main\AndroidManifest.xml:69:13-57
activity#com.zhizun.zhizunwifi.activity.NewLoginActivity
ADDED from src\main\AndroidManifest.xml:74:9-79:20
	android:screenOrientation
		ADDED from src\main\AndroidManifest.xml:77:13-49
	android:label
		ADDED from src\main\AndroidManifest.xml:76:13-34
	android:theme
		ADDED from src\main\AndroidManifest.xml:78:13-66
	android:name
		ADDED from src\main\AndroidManifest.xml:75:13-54
activity#com.zhizun.zhizunwifi.activity.SafetyInspectActivity
ADDED from src\main\AndroidManifest.xml:80:9-85:20
	android:screenOrientation
		ADDED from src\main\AndroidManifest.xml:83:13-49
	android:label
		ADDED from src\main\AndroidManifest.xml:82:13-33
	android:theme
		ADDED from src\main\AndroidManifest.xml:84:13-66
	android:name
		ADDED from src\main\AndroidManifest.xml:81:13-59
activity#com.zhizun.mall.ExchangeXuniActivity
ADDED from src\main\AndroidManifest.xml:86:9-90:20
	android:screenOrientation
		ADDED from src\main\AndroidManifest.xml:88:13-49
	android:theme
		ADDED from src\main\AndroidManifest.xml:89:13-66
	android:name
		ADDED from src\main\AndroidManifest.xml:87:13-64
activity#com.zhizun.zhizunwifi.activity.TimeCardActivity
ADDED from src\main\AndroidManifest.xml:91:9-95:20
	android:screenOrientation
		ADDED from src\main\AndroidManifest.xml:93:13-49
	android:theme
		ADDED from src\main\AndroidManifest.xml:94:13-66
	android:name
		ADDED from src\main\AndroidManifest.xml:92:13-54
activity#com.zhizun.zhizunwifi.activity.WiFiSettingActivity
ADDED from src\main\AndroidManifest.xml:96:9-100:20
	android:screenOrientation
		ADDED from src\main\AndroidManifest.xml:98:13-49
	android:theme
		ADDED from src\main\AndroidManifest.xml:99:13-66
	android:name
		ADDED from src\main\AndroidManifest.xml:97:13-57
activity#com.zhizun.zhizunwifi.activity.SettingActivityOld
ADDED from src\main\AndroidManifest.xml:101:9-105:20
	android:screenOrientation
		ADDED from src\main\AndroidManifest.xml:103:13-49
	android:theme
		ADDED from src\main\AndroidManifest.xml:104:13-66
	android:name
		ADDED from src\main\AndroidManifest.xml:102:13-56
activity#com.zhizun.zhizunwifi.activity.BlacklistDataEmptyActivity
ADDED from src\main\AndroidManifest.xml:106:9-110:20
	android:screenOrientation
		ADDED from src\main\AndroidManifest.xml:108:13-49
	android:theme
		ADDED from src\main\AndroidManifest.xml:109:13-66
	android:name
		ADDED from src\main\AndroidManifest.xml:107:13-64
activity#com.zhizun.zhizunwifi.activity.AboutMeActivity
ADDED from src\main\AndroidManifest.xml:112:9-116:20
	android:screenOrientation
		ADDED from src\main\AndroidManifest.xml:114:13-49
	android:theme
		ADDED from src\main\AndroidManifest.xml:115:13-66
	android:name
		ADDED from src\main\AndroidManifest.xml:113:13-53
activity#com.zhizun.zhizunwifi.activity.FunctionInActivity
ADDED from src\main\AndroidManifest.xml:118:9-122:20
	android:screenOrientation
		ADDED from src\main\AndroidManifest.xml:120:13-49
	android:theme
		ADDED from src\main\AndroidManifest.xml:121:13-66
	android:name
		ADDED from src\main\AndroidManifest.xml:119:13-56
activity#com.zhizun.zhizunwifi.activity.ApplicationIntroducedActivity
ADDED from src\main\AndroidManifest.xml:124:9-128:20
	android:screenOrientation
		ADDED from src\main\AndroidManifest.xml:126:13-49
	android:theme
		ADDED from src\main\AndroidManifest.xml:127:13-66
	android:name
		ADDED from src\main\AndroidManifest.xml:125:13-67
activity#com.zhizun.zhizunwifi.activity.WelcomeActivity
ADDED from src\main\AndroidManifest.xml:132:9-141:20
	android:screenOrientation
		ADDED from src\main\AndroidManifest.xml:134:13-49
	android:theme
		ADDED from src\main\AndroidManifest.xml:135:13-77
	android:name
		ADDED from src\main\AndroidManifest.xml:133:13-74
intent-filter#android.intent.action.MAIN+android.intent.category.LAUNCHER
ADDED from src\main\AndroidManifest.xml:136:13-140:29
action#android.intent.action.MAIN
ADDED from src\main\AndroidManifest.xml:137:17-69
	android:name
		ADDED from src\main\AndroidManifest.xml:137:25-66
category#android.intent.category.LAUNCHER
ADDED from src\main\AndroidManifest.xml:139:17-77
	android:name
		ADDED from src\main\AndroidManifest.xml:139:27-74
activity#com.zhizun.zhizunwifi.activity.SetMyInfoActivity
ADDED from src\main\AndroidManifest.xml:144:9-148:69
	android:screenOrientation
		ADDED from src\main\AndroidManifest.xml:146:13-49
	android:label
		ADDED from src\main\AndroidManifest.xml:147:13-33
	android:theme
		ADDED from src\main\AndroidManifest.xml:148:13-66
	android:name
		ADDED from src\main\AndroidManifest.xml:145:13-76
activity#com.zhizun.zhizunwifi.activity.CrackActvity
ADDED from src\main\AndroidManifest.xml:149:9-152:69
	android:screenOrientation
		ADDED from src\main\AndroidManifest.xml:151:13-49
	android:theme
		ADDED from src\main\AndroidManifest.xml:152:13-66
	android:name
		ADDED from src\main\AndroidManifest.xml:150:13-71
activity#com.zhizun.zhizunwifi.activity.WiFiDetailActivity
ADDED from src\main\AndroidManifest.xml:153:9-156:69
	android:screenOrientation
		ADDED from src\main\AndroidManifest.xml:155:13-49
	android:theme
		ADDED from src\main\AndroidManifest.xml:156:13-66
	android:name
		ADDED from src\main\AndroidManifest.xml:154:13-77
activity#com.zhizun.zhizunwifi.activity.UpdateInfoActivity
ADDED from src\main\AndroidManifest.xml:157:9-161:63
	android:screenOrientation
		ADDED from src\main\AndroidManifest.xml:159:13-49
	android:label
		ADDED from src\main\AndroidManifest.xml:160:13-33
	android:theme
		ADDED from src\main\AndroidManifest.xml:161:13-60
	android:name
		ADDED from src\main\AndroidManifest.xml:158:13-77
activity#com.zhizun.zhizunwifi.activity.AboutActivity
ADDED from src\main\AndroidManifest.xml:162:9-166:52
	android:screenOrientation
		ADDED from src\main\AndroidManifest.xml:164:13-49
	android:label
		ADDED from src\main\AndroidManifest.xml:165:13-39
	android:theme
		ADDED from src\main\AndroidManifest.xml:166:13-49
	android:name
		ADDED from src\main\AndroidManifest.xml:163:13-72
activity#com.zhizun.zhizunwifi.activity.FeedBackActivity
ADDED from src\main\AndroidManifest.xml:167:9-171:52
	android:screenOrientation
		ADDED from src\main\AndroidManifest.xml:169:13-49
	android:label
		ADDED from src\main\AndroidManifest.xml:170:13-33
	android:theme
		ADDED from src\main\AndroidManifest.xml:171:13-49
	android:name
		ADDED from src\main\AndroidManifest.xml:168:13-75
activity#com.zhizun.zhizunwifi.activity.NetSpeedActivity
ADDED from src\main\AndroidManifest.xml:172:9-176:69
	android:screenOrientation
		ADDED from src\main\AndroidManifest.xml:174:13-49
	android:label
		ADDED from src\main\AndroidManifest.xml:175:13-33
	android:theme
		ADDED from src\main\AndroidManifest.xml:176:13-66
	android:name
		ADDED from src\main\AndroidManifest.xml:173:13-75
activity#com.zhizun.zhizunwifi.activity.WiFiMapActivity
ADDED from src\main\AndroidManifest.xml:177:9-180:63
	android:screenOrientation
		ADDED from src\main\AndroidManifest.xml:179:13-49
	android:theme
		ADDED from src\main\AndroidManifest.xml:180:13-60
	android:name
		ADDED from src\main\AndroidManifest.xml:178:13-74
service#com.zhizun.zhizunwifi.service.ListenNetStateService
ADDED from src\main\AndroidManifest.xml:182:9-87
	android:name
		ADDED from src\main\AndroidManifest.xml:182:18-84
meta-data#UMENG_APPKEY
ADDED from src\main\AndroidManifest.xml:184:9-187:21
	android:value
		ADDED from src\main\AndroidManifest.xml:186:13-53
	android:name
		ADDED from src\main\AndroidManifest.xml:185:13-40
meta-data#UMENG_CHANNEL
ADDED from src\main\AndroidManifest.xml:189:9-191:42
	android:value
		ADDED from src\main\AndroidManifest.xml:191:13-39
	android:name
		ADDED from src\main\AndroidManifest.xml:190:13-41
receiver#com.zhizun.zhizunwifi.service.PushDemoReceiver
ADDED from src\main\AndroidManifest.xml:196:9-202:20
	android:exported
		ADDED from src\main\AndroidManifest.xml:198:13-37
	android:name
		ADDED from src\main\AndroidManifest.xml:197:13-53
intent-filter#com.igexin.sdk.action.fR3e7GvFvR6megL6np2zg2
ADDED from src\main\AndroidManifest.xml:199:13-201:29
action#com.igexin.sdk.action.fR3e7GvFvR6megL6np2zg2
ADDED from src\main\AndroidManifest.xml:200:17-87
	android:name
		ADDED from src\main\AndroidManifest.xml:200:25-84
activity#com.umeng.socialize.editorpage.ShareActivity
ADDED from src\main\AndroidManifest.xml:206:9-210:20
	android:excludeFromRecents
		ADDED from src\main\AndroidManifest.xml:209:13-46
	android:theme
		ADDED from src\main\AndroidManifest.xml:208:13-51
	android:name
		ADDED from src\main\AndroidManifest.xml:207:13-72
activity#com.zhizun.zhizunwifi.wxapi.WXEntryActivity
ADDED from src\main\AndroidManifest.xml:211:9-216:75
	android:screenOrientation
		ADDED from src\main\AndroidManifest.xml:215:13-49
	android:exported
		ADDED from src\main\AndroidManifest.xml:214:13-36
	android:configChanges
		ADDED from src\main\AndroidManifest.xml:213:13-74
	android:theme
		ADDED from src\main\AndroidManifest.xml:216:13-72
	android:name
		ADDED from src\main\AndroidManifest.xml:212:13-50
activity#com.umeng.qq.tencent.AuthActivity
ADDED from src\main\AndroidManifest.xml:218:9-230:20
	android:launchMode
		ADDED from src\main\AndroidManifest.xml:220:13-44
	android:noHistory
		ADDED from src\main\AndroidManifest.xml:221:13-37
	android:name
		ADDED from src\main\AndroidManifest.xml:219:13-61
intent-filter#android.intent.action.VIEW+android.intent.category.BROWSABLE+android.intent.category.DEFAULT
ADDED from src\main\AndroidManifest.xml:222:13-229:29
action#android.intent.action.VIEW
ADDED from src\main\AndroidManifest.xml:223:17-69
	android:name
		ADDED from src\main\AndroidManifest.xml:223:25-66
category#android.intent.category.DEFAULT
ADDED from src\main\AndroidManifest.xml:225:17-76
	android:name
		ADDED from src\main\AndroidManifest.xml:225:27-73
category#android.intent.category.BROWSABLE
ADDED from src\main\AndroidManifest.xml:226:17-78
	android:name
		ADDED from src\main\AndroidManifest.xml:226:27-75
data
ADDED from src\main\AndroidManifest.xml:228:17-53
	android:scheme
		ADDED from src\main\AndroidManifest.xml:228:23-50
activity#com.umeng.qq.tencent.AssistActivity
ADDED from src\main\AndroidManifest.xml:231:9-235:20
	android:screenOrientation
		ADDED from src\main\AndroidManifest.xml:233:13-49
	android:theme
		ADDED from src\main\AndroidManifest.xml:234:13-72
	android:name
		ADDED from src\main\AndroidManifest.xml:232:13-63
service#com.umeng.update.net.DownloadingService
ADDED from src\main\AndroidManifest.xml:237:9-240:19
	android:process
		ADDED from src\main\AndroidManifest.xml:239:13-50
	android:name
		ADDED from src\main\AndroidManifest.xml:238:13-67
activity#com.umeng.update.UpdateDialogActivity
ADDED from src\main\AndroidManifest.xml:242:9-245:20
	android:theme
		ADDED from src\main\AndroidManifest.xml:244:13-72
	android:name
		ADDED from src\main\AndroidManifest.xml:243:13-65
meta-data#com.baidu.lbsapi.API_KEY
ADDED from src\main\AndroidManifest.xml:247:9-249:64
	android:value
		ADDED from src\main\AndroidManifest.xml:249:13-61
	android:name
		ADDED from src\main\AndroidManifest.xml:248:13-52
activity#com.baidu.mapapi.search.PlaceCaterActivity
ADDED from src\main\AndroidManifest.xml:250:9-254:20
	android:configChanges
		ADDED from src\main\AndroidManifest.xml:252:13-63
	android:theme
		ADDED from src\main\AndroidManifest.xml:253:13-60
	android:name
		ADDED from src\main\AndroidManifest.xml:251:13-70
activity#com.zhizun.zhizunwifi.wxapi.WBShareActivity
ADDED from src\main\AndroidManifest.xml:256:9-264:20
	android:screenOrientation
		ADDED from src\main\AndroidManifest.xml:259:13-49
	android:configChanges
		ADDED from src\main\AndroidManifest.xml:258:13-63
	android:name
		ADDED from src\main\AndroidManifest.xml:257:13-71
intent-filter#android.intent.category.DEFAULT+com.sina.weibo.sdk.action.ACTION_SDK_REQ_ACTIVITY
ADDED from src\main\AndroidManifest.xml:260:13-263:29
action#com.sina.weibo.sdk.action.ACTION_SDK_REQ_ACTIVITY
ADDED from src\main\AndroidManifest.xml:261:17-92
	android:name
		ADDED from src\main\AndroidManifest.xml:261:25-89
service#com.baidu.location.f
ADDED from src\main\AndroidManifest.xml:266:9-271:19
	android:enabled
		ADDED from src\main\AndroidManifest.xml:268:13-35
	android:process
		ADDED from src\main\AndroidManifest.xml:270:13-38
	android:permission
		ADDED from src\main\AndroidManifest.xml:269:13-75
	android:name
		ADDED from src\main\AndroidManifest.xml:267:13-48
activity#com.zzad.media.activity.WindowActivity
ADDED from src\main\AndroidManifest.xml:274:9-277:75
	android:launchMode
		ADDED from src\main\AndroidManifest.xml:276:13-48
	android:theme
		ADDED from src\main\AndroidManifest.xml:277:13-72
	android:name
		ADDED from src\main\AndroidManifest.xml:275:13-66
activity#com.zzad.media.activity.SplashActivity
ADDED from src\main\AndroidManifest.xml:278:9-281:74
	android:launchMode
		ADDED from src\main\AndroidManifest.xml:280:13-48
	android:theme
		ADDED from src\main\AndroidManifest.xml:281:13-71
	android:name
		ADDED from src\main\AndroidManifest.xml:279:13-66
activity#com.zzad.media.activity.H5WebViewClient
ADDED from src\main\AndroidManifest.xml:282:9-285:15
	android:launchMode
		ADDED from src\main\AndroidManifest.xml:284:13-48
	android:name
		ADDED from src\main\AndroidManifest.xml:283:13-67
activity#com.zzad.media.activity.GetPermissionsActivity
ADDED from src\main\AndroidManifest.xml:286:9-289:75
	android:launchMode
		ADDED from src\main\AndroidManifest.xml:288:13-48
	android:theme
		ADDED from src\main\AndroidManifest.xml:289:13-72
	android:name
		ADDED from src\main\AndroidManifest.xml:287:13-74
service#com.zzad.media.service.StarCraftService
ADDED from src\main\AndroidManifest.xml:290:9-75
	android:name
		ADDED from src\main\AndroidManifest.xml:290:18-72
meta-data#ZZAD_MEDIA_APPKEY
ADDED from src\main\AndroidManifest.xml:292:9-103
	android:value
		ADDED from src\main\AndroidManifest.xml:292:53-101
	android:name
		ADDED from src\main\AndroidManifest.xml:292:20-52
activity#com.zhizun.zhizunwifi.utils.router.ActivityDiscovery
ADDED from src\main\AndroidManifest.xml:294:9-297:70
	android:screenOrientation
		ADDED from src\main\AndroidManifest.xml:296:13-49
	android:theme
		ADDED from src\main\AndroidManifest.xml:297:13-66
	android:name
		ADDED from src\main\AndroidManifest.xml:295:13-80
activity#com.zhizun.zhizunwifi.activity.WiFiDetailsActivity
ADDED from src\main\AndroidManifest.xml:299:9-302:70
	android:screenOrientation
		ADDED from src\main\AndroidManifest.xml:301:13-49
	android:theme
		ADDED from src\main\AndroidManifest.xml:302:13-66
	android:name
		ADDED from src\main\AndroidManifest.xml:300:13-78
activity#com.zhizun.zhizunwifi.activity.PersonalHotspotActivity
ADDED from src\main\AndroidManifest.xml:304:9-307:70
	android:screenOrientation
		ADDED from src\main\AndroidManifest.xml:306:13-49
	android:theme
		ADDED from src\main\AndroidManifest.xml:307:13-66
	android:name
		ADDED from src\main\AndroidManifest.xml:305:13-82
activity#com.zhizun.zhizunwifi.activity.PersonalHotspotEnditActivity
ADDED from src\main\AndroidManifest.xml:309:9-312:70
	android:screenOrientation
		ADDED from src\main\AndroidManifest.xml:311:13-49
	android:theme
		ADDED from src\main\AndroidManifest.xml:312:13-66
	android:name
		ADDED from src\main\AndroidManifest.xml:310:13-87
activity#com.zhizun.zhizunwifi.activity.PhysicalExaminationSpeedActivity
ADDED from src\main\AndroidManifest.xml:314:9-317:70
	android:screenOrientation
		ADDED from src\main\AndroidManifest.xml:316:13-49
	android:theme
		ADDED from src\main\AndroidManifest.xml:317:13-66
	android:name
		ADDED from src\main\AndroidManifest.xml:315:13-91
activity#com.zhizun.zhizunwifi.activity.InstallManageActivity
ADDED from src\main\AndroidManifest.xml:319:9-322:70
	android:screenOrientation
		ADDED from src\main\AndroidManifest.xml:321:13-49
	android:theme
		ADDED from src\main\AndroidManifest.xml:322:13-66
	android:name
		ADDED from src\main\AndroidManifest.xml:320:13-80
activity#com.zhizun.zhizunwifi.activity.BusinessCooperationActivity
ADDED from src\main\AndroidManifest.xml:324:9-327:70
	android:screenOrientation
		ADDED from src\main\AndroidManifest.xml:326:13-49
	android:theme
		ADDED from src\main\AndroidManifest.xml:327:13-66
	android:name
		ADDED from src\main\AndroidManifest.xml:325:13-86
activity#com.zhizun.zhizunwifi.activity.SettingActivityNew
ADDED from src\main\AndroidManifest.xml:329:9-332:70
	android:screenOrientation
		ADDED from src\main\AndroidManifest.xml:331:13-49
	android:theme
		ADDED from src\main\AndroidManifest.xml:332:13-66
	android:name
		ADDED from src\main\AndroidManifest.xml:330:13-77
activity#com.zhizun.zhizunwifi.activity.AddWiFiMessageActivity
ADDED from src\main\AndroidManifest.xml:334:9-337:70
	android:screenOrientation
		ADDED from src\main\AndroidManifest.xml:336:13-49
	android:theme
		ADDED from src\main\AndroidManifest.xml:337:13-66
	android:name
		ADDED from src\main\AndroidManifest.xml:335:13-81
activity#com.zhizun.zhizunwifi.activity.StoreSampleActivity
ADDED from src\main\AndroidManifest.xml:339:9-342:70
	android:screenOrientation
		ADDED from src\main\AndroidManifest.xml:341:13-49
	android:theme
		ADDED from src\main\AndroidManifest.xml:342:13-66
	android:name
		ADDED from src\main\AndroidManifest.xml:340:13-78
activity#com.zhizun.zhizunwifi.activity.WebViewActivity
ADDED from src\main\AndroidManifest.xml:343:9-346:70
	android:screenOrientation
		ADDED from src\main\AndroidManifest.xml:345:13-49
	android:theme
		ADDED from src\main\AndroidManifest.xml:346:13-66
	android:name
		ADDED from src\main\AndroidManifest.xml:344:13-74
activity#com.zhizun.zhizunwifi.activity.PhotoViewActivity
ADDED from src\main\AndroidManifest.xml:348:9-351:70
	android:screenOrientation
		ADDED from src\main\AndroidManifest.xml:350:13-49
	android:theme
		ADDED from src\main\AndroidManifest.xml:351:13-66
	android:name
		ADDED from src\main\AndroidManifest.xml:349:13-76
activity#com.zhizun.zhizunwifi.activity.StoreInformationActivity
ADDED from src\main\AndroidManifest.xml:353:9-356:70
	android:screenOrientation
		ADDED from src\main\AndroidManifest.xml:355:13-49
	android:theme
		ADDED from src\main\AndroidManifest.xml:356:13-66
	android:name
		ADDED from src\main\AndroidManifest.xml:354:13-83
activity#com.zhizun.zhizunwifi.activity.StoreReviewActivity
ADDED from src\main\AndroidManifest.xml:358:9-361:70
	android:screenOrientation
		ADDED from src\main\AndroidManifest.xml:360:13-49
	android:theme
		ADDED from src\main\AndroidManifest.xml:361:13-66
	android:name
		ADDED from src\main\AndroidManifest.xml:359:13-78
activity#com.zhizun.zhizunwifi.activity.ForgotPasswordActivity
ADDED from src\main\AndroidManifest.xml:363:9-366:70
	android:screenOrientation
		ADDED from src\main\AndroidManifest.xml:365:13-49
	android:theme
		ADDED from src\main\AndroidManifest.xml:366:13-66
	android:name
		ADDED from src\main\AndroidManifest.xml:364:13-81
uses-sdk
INJECTED from src\main\AndroidManifest.xml reason: use-sdk injection requested
MERGED from [com.trello:rxlifecycle-components:1.0] AndroidManifest.xml:17:5-44
MERGED from [com.trello:rxlifecycle-android:1.0] AndroidManifest.xml:17:5-44
MERGED from [com.jakewharton.rxbinding:rxbinding:0.4.0] AndroidManifest.xml:6:5-44
MERGED from [io.reactivex:rxandroid:1.1.0] AndroidManifest.xml:19:5-43
MERGED from [net.qiujuer.genius:ui:2.0.0-beta2] AndroidManifest.xml:7:5-9:41
MERGED from [net.qiujuer.genius:res:2.0.0-beta2] AndroidManifest.xml:7:5-9:41
MERGED from [zhizunwifi:xUtils_lib:unspecified] AndroidManifest.xml:7:5-9:41
MERGED from [com.getui:sdk:2.9.0.0] AndroidManifest.xml:7:5-9:41
MERGED from [org.litepal.android:core:1.3.2] AndroidManifest.xml:7:5-9:41
MERGED from [com.android.support:multidex:1.0.1] AndroidManifest.xml:18:5-42
MERGED from [net.frakbot:jumpingbeans:1.3.0] AndroidManifest.xml:7:5-9:41
MERGED from [com.wuxiaolong.pullloadmorerecyclerview:library:1.1.2] AndroidManifest.xml:7:5-9:41
MERGED from [com.android.support:recyclerview-v7:25.0.0] AndroidManifest.xml:20:5-43
MERGED from [com.youth.banner:banner:1.4.9] AndroidManifest.xml:7:5-9:41
MERGED from [zhizunwifi:zhizunWIFI_dhroid3:unspecified] AndroidManifest.xml:7:5-9:41
MERGED from [com.android.support:appcompat-v7:25.0.0] AndroidManifest.xml:21:5-23:78
MERGED from [com.android.support:support-v4:25.0.0] AndroidManifest.xml:21:5-23:54
MERGED from [com.android.support:support-fragment:25.0.0] AndroidManifest.xml:21:5-23:60
MERGED from [com.android.support:support-media-compat:25.0.0] AndroidManifest.xml:21:5-23:63
MERGED from [com.android.support:support-core-ui:25.0.0] AndroidManifest.xml:21:5-23:58
MERGED from [com.android.support:animated-vector-drawable:25.0.0] AndroidManifest.xml:20:5-44
MERGED from [com.android.support:support-vector-drawable:25.0.0] AndroidManifest.xml:21:5-43
MERGED from [com.github.chrisbanes:PhotoView:2.0.0] AndroidManifest.xml:8:5-10:41
MERGED from [com.android.support:support-core-utils:25.3.0] AndroidManifest.xml:21:5-23:61
MERGED from [com.android.support:support-compat:25.3.0] AndroidManifest.xml:21:5-23:58
	tools:overrideLibrary
		ADDED from [com.android.support:appcompat-v7:25.0.0] AndroidManifest.xml:23:9-75
	android:targetSdkVersion
		INJECTED from src\main\AndroidManifest.xml
		INJECTED from src\main\AndroidManifest.xml
	android:minSdkVersion
		INJECTED from src\main\AndroidManifest.xml
		INJECTED from src\main\AndroidManifest.xml
uses-permission#android.permission.RECEIVE_BOOT_COMPLETED
ADDED from [com.getui:sdk:2.9.0.0] AndroidManifest.xml:18:5-81
	android:name
		ADDED from [com.getui:sdk:2.9.0.0] AndroidManifest.xml:18:22-78
uses-permission#android.permission.SYSTEM_ALERT_WINDOW
ADDED from [com.getui:sdk:2.9.0.0] AndroidManifest.xml:24:5-78
	android:name
		ADDED from [com.getui:sdk:2.9.0.0] AndroidManifest.xml:24:22-75
uses-permission#getui.permission.GetuiService.${PACKAGE_NAME}
ADDED from [com.getui:sdk:2.9.0.0] AndroidManifest.xml:27:5-85
	android:name